<?xml version="1.0" encoding="UTF-8"?>
<testsuite xmlns:xsi="http://www.w3.org/2001/XMLSchema-instance" xsi:noNamespaceSchemaLocation="https://maven.apache.org/surefire/maven-surefire-plugin/xsd/surefire-test-report.xsd" name="com.stock.analysis.AnalysisServiceTest" time="2.972" tests="7" errors="0" skipped="0" failures="0">
  <properties>
[...]
</properties>
  <testcase name="getOverview_unknownStock_returnsDefault" classname="com.stock.analysis.AnalysisServiceTest" time="2.852"/>
  <testcase name="getCashFlow_returnsCashFlowData" classname="com.stock.analysis.AnalysisServiceTest" time="0.002"/>
  <testcase name="getBalanceSheet_returnsAssetsAndLiabilities" classname="com.stock.analysis.AnalysisServiceTest" time="0.001"/>
  <testcase name="getRevenueTrend_returnsGrowthRates" classname="com.stock.analysis.AnalysisServiceTest" time="0.005"/>
  <testcase name="getOverview_calculatesPEAndPB" classname="com.stock.analysis.AnalysisServiceTest" time="0.001"/>
  <testcase name="getOverview_returnsValuationMetrics" classname="com.stock.analysis.AnalysisServiceTest" time="0.001"/>
  <testcase name="getIncomeStatement_returnsRevenueAndProfit" classname="com.stock.analysis.AnalysisServiceTest" time="0.001"/>
</testsuite>